<?xml version="1.0" encoding="UTF-8"?>
<!-- Generated by org.testng.reporters.JUnitReportReporter -->
<testsuite hostname="md2cnmvc" failures="0" tests="1" name="com.testng.proj.JavascriptScrolling" time="33.398" errors="0" timestamp="2023-10-02T07:55:05 IST" skipped="0">
  <testcase classname="com.testng.proj.JavascriptScrolling" name="f" time="33.398"/>
  <system-out/>
</testsuite> <!-- com.testng.proj.JavascriptScrolling -->
