<?xml version="1.0" encoding="UTF-8"?>
<!-- Generated by org.testng.reporters.JUnitReportReporter -->
<testsuite hostname="md2cnmvc" failures="0" tests="1" name="com.testng.proj.EdgeDriver_Example" time="46.924" errors="0" timestamp="2023-09-21T12:30:34 IST" skipped="0">
  <testcase classname="com.testng.proj.EdgeDriver_Example" name="f" time="46.924"/>
  <system-out/>
</testsuite> <!-- com.testng.proj.EdgeDriver_Example -->
