<?xml version="1.0" encoding="UTF-8"?>
<!-- Generated by org.testng.reporters.JUnitReportReporter -->
<testsuite hostname="md2cnmvc" failures="0" tests="1" name="com.testng.proj.Calendar_Click" time="72.317" errors="0" timestamp="2023-09-13T20:20:59 IST" skipped="0">
  <testcase classname="com.testng.proj.Calendar_Click" name="Calendar" time="72.317"/>
  <system-out/>
</testsuite> <!-- com.testng.proj.Calendar_Click -->
