<?xml version="1.0" encoding="UTF-8"?>
<!-- Generated by org.testng.reporters.JUnitReportReporter -->
<testsuite hostname="md2cnmvc" failures="0" tests="1" name="com.testng.proj.AllConcepts" time="6.523" errors="0" timestamp="2023-09-19T10:26:10 IST" skipped="0">
  <testcase classname="com.testng.proj.AllConcepts" name="facebookSignup" time="6.523"/>
  <system-out/>
</testsuite> <!-- com.testng.proj.AllConcepts -->
