<?xml version="1.0" encoding="UTF-8"?>
<!-- Generated by org.testng.reporters.JUnitReportReporter -->
<testsuite hostname="md2cnmvc" failures="0" tests="1" name="com.testng.proj.FileDownload" time="12.222" errors="0" timestamp="2023-10-01T06:52:31 IST" skipped="0">
  <testcase classname="com.testng.proj.FileDownload" name="f" time="12.222"/>
  <system-out/>
</testsuite> <!-- com.testng.proj.FileDownload -->
