<?xml version="1.0" encoding="UTF-8"?>
<!-- Generated by org.testng.reporters.JUnitReportReporter -->
<testsuite hostname="md2cnmvc" failures="0" tests="1" name="com.testng.proj.Yahoo_Login" time="28.716" errors="0" timestamp="2023-09-15T10:24:28 IST" skipped="0">
  <testcase classname="com.testng.proj.Yahoo_Login" name="Yahoo" time="28.716"/>
  <system-out/>
</testsuite> <!-- com.testng.proj.Yahoo_Login -->
