<?xml version="1.0" encoding="UTF-8"?>
<!-- Generated by org.testng.reporters.JUnitReportReporter -->
<testsuite hostname="md2cnmvc" failures="0" tests="1" name="com.testng.proj.Calendar_Click" time="26.301" errors="0" timestamp="2023-09-14T21:17:17 IST" skipped="0">
  <testcase classname="com.testng.proj.Calendar_Click" name="Calendar" time="26.301"/>
  <system-out/>
</testsuite> <!-- com.testng.proj.Calendar_Click -->
