<?xml version="1.0" encoding="UTF-8"?>
<!-- Generated by org.testng.reporters.JUnitReportReporter -->
<testsuite hostname="md2cnmvc" failures="0" tests="1" name="com.testng.proj.AllConcepts" time="14.933" errors="0" timestamp="2023-10-12T07:26:16 IST" skipped="0">
  <testcase classname="com.testng.proj.AllConcepts" name="facebookSignup" time="14.933"/>
  <system-out/>
</testsuite> <!-- com.testng.proj.AllConcepts -->
