<?xml version="1.0" encoding="UTF-8"?>
<!-- Generated by org.testng.reporters.JUnitReportReporter -->
<testsuite hostname="md2cnmvc" failures="0" tests="1" name="com.testng.proj.FileUpload" time="29.352" errors="0" timestamp="2023-09-26T17:52:46 IST" skipped="0">
  <testcase classname="com.testng.proj.FileUpload" name="UploadFile" time="29.352"/>
  <system-out/>
</testsuite> <!-- com.testng.proj.FileUpload -->
