<?xml version="1.0" encoding="UTF-8"?>
<!-- Generated by org.testng.reporters.JUnitReportReporter -->
<testsuite hostname="md2cnmvc" failures="0" tests="2" name="com.testng.proj.MultipleBrowserWindows" time="7.577" errors="0" timestamp="2023-09-18T16:39:06 IST" skipped="0">
  <testcase classname="com.testng.proj.MultipleBrowserWindows" name="Driver" time="5.346"/>
  <system-out/>
  <testcase classname="com.testng.proj.MultipleBrowserWindows" name="Driver1" time="2.231"/>
  <system-out/>
</testsuite> <!-- com.testng.proj.MultipleBrowserWindows -->
