<?xml version="1.0" encoding="UTF-8"?>
<!-- Generated by org.testng.reporters.JUnitReportReporter -->
<testsuite hostname="md2cnmvc" failures="0" tests="1" name="com.testng.proj.DragAndDrop" time="6.299" errors="0" timestamp="2023-09-17T21:11:39 IST" skipped="0">
  <testcase classname="com.testng.proj.DragAndDrop" name="f" time="6.299"/>
  <system-out/>
</testsuite> <!-- com.testng.proj.DragAndDrop -->
