<?xml version="1.0" encoding="UTF-8"?>
<!-- Generated by org.testng.reporters.JUnitReportReporter -->
<testsuite hostname="md2cnmvc" failures="0" tests="2" name="com.testng.proj.DataDrivenTesting" time="10.741" errors="0" timestamp="2023-09-21T11:02:05 IST" skipped="1">
  <testcase classname="com.testng.proj.DataDrivenTesting" name="Facebook" time="10.741"/>
  <system-out/>
  <testcase classname="com.testng.proj.DataDrivenTesting" name="DDT">
    <skipped/>
  </testcase> <!-- DDT -->
  <system-out/>
</testsuite> <!-- com.testng.proj.DataDrivenTesting -->
