<?xml version="1.0" encoding="UTF-8"?>
<!-- Generated by org.testng.reporters.JUnitReportReporter -->
<testsuite hostname="md2cnmvc" failures="0" tests="1" name="com.testng.proj.GeckoDriver_Firefox" time="13.399" errors="0" timestamp="2023-09-21T11:57:58 IST" skipped="0">
  <testcase classname="com.testng.proj.GeckoDriver_Firefox" name="f" time="13.399"/>
  <system-out/>
</testsuite> <!-- com.testng.proj.GeckoDriver_Firefox -->
