<?xml version="1.0" encoding="UTF-8"?>
<!-- Generated by org.testng.reporters.JUnitReportReporter -->
<testsuite hostname="md2cnmvc" failures="0" tests="1" name="com.testng.proj.HandleMultipleTabs" time="24.257" errors="0" timestamp="2023-09-21T17:55:23 IST" skipped="0">
  <testcase classname="com.testng.proj.HandleMultipleTabs" name="f" time="24.257"/>
  <system-out/>
</testsuite> <!-- com.testng.proj.HandleMultipleTabs -->
