<?xml version="1.0" encoding="UTF-8"?>
<!-- Generated by org.testng.reporters.JUnitReportReporter -->
<testsuite hostname="md2cnmvc" failures="0" tests="1" name="com.testng.proj.NewTest" time="9.493" errors="0" timestamp="2023-09-13T12:50:57 IST" skipped="0">
  <testcase classname="com.testng.proj.NewTest" name="f" time="9.493"/>
  <system-out/>
</testsuite> <!-- com.testng.proj.NewTest -->
